#
# There is insufficient memory for the Java Runtime Environment to continue.
# Native memory allocation (malloc) failed to allocate 32744 bytes for ChunkPool::allocate
# Possible reasons:
#   The system is out of physical RAM or swap space
#   The process is running with CompressedOops enabled, and the Java Heap may be blocking the growth of the native heap
# Possible solutions:
#   Reduce memory load on the system
#   Increase physical memory or swap space
#   Check if swap backing store is full
#   Decrease Java heap size (-Xmx/-Xms)
#   Decrease number of Java threads
#   Decrease Java thread stack sizes (-Xss)
#   Set larger code cache with -XX:ReservedCodeCacheSize=
#   JVM is running with Unscaled Compressed Oops mode in which the Java heap is
#     placed in the first 4GB address space. The Java Heap base address is the
#     maximum limit for the native heap growth. Please use -XX:HeapBaseMinAddress
#     to set the Java Heap base and to place the Java Heap above 4GB virtual address.
# This output file may be truncated or incomplete.
#
#  Out of Memory Error (./open/src/hotspot/share/memory/arena.cpp:81), pid=25888, tid=15836
#
# JRE version: Java(TM) SE Runtime Environment 18.9 (11.0.21+9) (build 11.0.21+9-LTS-193)
# Java VM: Java HotSpot(TM) 64-Bit Server VM 18.9 (11.0.21+9-LTS-193, mixed mode, tiered, compressed oops, g1 gc, windows-amd64)
# No core dump will be written. Minidumps are not enabled by default on client versions of Windows
#

---------------  S U M M A R Y ------------

Command Line: jenkins.maven3.agent.Maven35Main C:\Users\kau5h\Downloads\apache-maven-3.6.3-bin\apache-maven-3.6.3 C:\Users\kau5h\.jenkins\war\WEB-INF\lib\remoting-3206.vb_15dcf73f6a_9.jar C:\Users\kau5h\.jenkins\plugins\maven-plugin\WEB-INF\lib\maven35-interceptor-1.14.jar C:\Users\kau5h\.jenkins\plugins\maven-plugin\WEB-INF\lib\maven3-interceptor-commons-1.14.jar 62619

Host: AMD Ryzen 5 5500U with Radeon Graphics         , 12 cores, 5G,  Windows 11 , 64 bit Build 22621 (10.0.22621.3374)
Time: Wed May  8 13:19:27 2024 India Standard Time elapsed time: 2.038248 seconds (0d 0h 0m 2s)

---------------  T H R E A D  ---------------

Current thread (0x0000029e19cc3800):  JavaThread "C2 CompilerThread1" daemon [_thread_in_native, id=15836, stack(0x000000a058e00000,0x000000a058f00000)]


Current CompileTask:
C2:   2038 1561   !   4       java.io.ObjectInputStream::readObject0 (671 bytes)

Stack: [0x000000a058e00000,0x000000a058f00000]
Native frames: (J=compiled Java code, j=interpreted, Vv=VM code, C=native code)
V  [jvm.dll+0x66058a]
V  [jvm.dll+0x7a362f]
V  [jvm.dll+0x7a4cf9]
V  [jvm.dll+0x7a5393]
V  [jvm.dll+0x258f55]
V  [jvm.dll+0xb2c7f]
V  [jvm.dll+0xb2fcc]
V  [jvm.dll+0x36d16f]
V  [jvm.dll+0x36c661]
V  [jvm.dll+0x36c6a4]
V  [jvm.dll+0x5534cc]
V  [jvm.dll+0x553d56]
V  [jvm.dll+0x330474]
V  [jvm.dll+0x32f82a]
V  [jvm.dll+0x211c3d]
V  [jvm.dll+0x210c08]
V  [jvm.dll+0x18cdb1]
V  [jvm.dll+0x220e99]
V  [jvm.dll+0x21f1bc]
V  [jvm.dll+0x7673c1]
V  [jvm.dll+0x75fc44]
V  [jvm.dll+0x65f435]
C  [ucrtbase.dll+0x29333]
C  [KERNEL32.DLL+0x1257d]
C  [ntdll.dll+0x5aa48]


---------------  P R O C E S S  ---------------

Threads class SMR info:
_java_thread_list=0x0000029e19d7ac10, length=20, elements={
0x0000029e7b9b5800, 0x0000029e18aff800, 0x0000029e18b08800, 0x0000029e18b1d000,
0x0000029e18b1e000, 0x0000029e18b1e800, 0x0000029e18b22000, 0x0000029e18b23000,
0x0000029e18b2f800, 0x0000029e19617000, 0x0000029e199c2000, 0x0000029e199c8800,
0x0000029e199cb800, 0x0000029e199cc800, 0x0000029e199cd000, 0x0000029e19a2d800,
0x0000029e19cc3800, 0x0000029e19da4800, 0x0000029e1a945800, 0x0000029e1abb1000
}

Java Threads: ( => current thread )
  0x0000029e7b9b5800 JavaThread "main" [_thread_blocked, id=18720, stack(0x000000a057700000,0x000000a057800000)]
  0x0000029e18aff800 JavaThread "Reference Handler" daemon [_thread_blocked, id=14176, stack(0x000000a057e00000,0x000000a057f00000)]
  0x0000029e18b08800 JavaThread "Finalizer" daemon [_thread_blocked, id=11432, stack(0x000000a057f00000,0x000000a058000000)]
  0x0000029e18b1d000 JavaThread "Signal Dispatcher" daemon [_thread_blocked, id=6720, stack(0x000000a058000000,0x000000a058100000)]
  0x0000029e18b1e000 JavaThread "Attach Listener" daemon [_thread_blocked, id=24216, stack(0x000000a058100000,0x000000a058200000)]
  0x0000029e18b1e800 JavaThread "Service Thread" daemon [_thread_blocked, id=14668, stack(0x000000a058200000,0x000000a058300000)]
  0x0000029e18b22000 JavaThread "C2 CompilerThread0" daemon [_thread_in_native, id=13844, stack(0x000000a058300000,0x000000a058400000)]
  0x0000029e18b23000 JavaThread "C1 CompilerThread0" daemon [_thread_blocked, id=9356, stack(0x000000a058400000,0x000000a058500000)]
  0x0000029e18b2f800 JavaThread "Sweeper thread" daemon [_thread_blocked, id=7344, stack(0x000000a058500000,0x000000a058600000)]
  0x0000029e19617000 JavaThread "Common-Cleaner" daemon [_thread_blocked, id=10604, stack(0x000000a058700000,0x000000a058800000)]
  0x0000029e199c2000 JavaThread "RemoteInvocationHandler [#1]" daemon [_thread_blocked, id=9316, stack(0x000000a058800000,0x000000a058900000)]
  0x0000029e199c8800 JavaThread "Channel reader thread: channel" [_thread_in_native, id=28240, stack(0x000000a058900000,0x000000a058a00000)]
  0x0000029e199cb800 JavaThread "pool-1-thread-1 for channel id=3" [_thread_in_Java, id=22740, stack(0x000000a058a00000,0x000000a058b00000)]
  0x0000029e199cc800 JavaThread "pool-1-thread-2" [_thread_blocked, id=8028, stack(0x000000a058b00000,0x000000a058c00000)]
  0x0000029e199cd000 JavaThread "pool-1-thread-3" [_thread_blocked, id=13636, stack(0x000000a058c00000,0x000000a058d00000)]
  0x0000029e19a2d800 JavaThread "JarCacheSupport [#1] / waiting for channel id=79" daemon [_thread_blocked, id=20392, stack(0x000000a058d00000,0x000000a058e00000)]
=>0x0000029e19cc3800 JavaThread "C2 CompilerThread1" daemon [_thread_in_native, id=15836, stack(0x000000a058e00000,0x000000a058f00000)]
  0x0000029e19da4800 JavaThread "pool-1-thread-4 : IO ID=1608 : seq#=1607" [_thread_in_native, id=24520, stack(0x000000a058f00000,0x000000a059000000)]
  0x0000029e1a945800 JavaThread "pool-1-thread-5" [_thread_blocked, id=22148, stack(0x000000a059900000,0x000000a059a00000)]
  0x0000029e1abb1000 JavaThread "pool-1-thread-6" [_thread_blocked, id=9168, stack(0x000000a059a00000,0x000000a059b00000)]

Other Threads:
  0x0000029e18afd800 VMThread "VM Thread" [stack: 0x000000a057d00000,0x000000a057e00000] [id=12828]
  0x0000029e19612800 WatcherThread [stack: 0x000000a058600000,0x000000a058700000] [id=6904]
  0x0000029e7b9c9800 GCTaskThread "GC Thread#0" [stack: 0x000000a057800000,0x000000a057900000] [id=15680]
  0x0000029e1a837800 GCTaskThread "GC Thread#1" [stack: 0x000000a059000000,0x000000a059100000] [id=20648]
  0x0000029e19d64000 GCTaskThread "GC Thread#2" [stack: 0x000000a059100000,0x000000a059200000] [id=9312]
  0x0000029e19d65000 GCTaskThread "GC Thread#3" [stack: 0x000000a059200000,0x000000a059300000] [id=22872]
  0x0000029e1a79e800 GCTaskThread "GC Thread#4" [stack: 0x000000a059300000,0x000000a059400000] [id=22344]
  0x0000029e1a79f000 GCTaskThread "GC Thread#5" [stack: 0x000000a059400000,0x000000a059500000] [id=15136]
  0x0000029e19da2000 GCTaskThread "GC Thread#6" [stack: 0x000000a059500000,0x000000a059600000] [id=25620]
  0x0000029e19da2800 GCTaskThread "GC Thread#7" [stack: 0x000000a059600000,0x000000a059700000] [id=19824]
  0x0000029e1a912000 GCTaskThread "GC Thread#8" [stack: 0x000000a059700000,0x000000a059800000] [id=13052]
  0x0000029e1a912800 GCTaskThread "GC Thread#9" [stack: 0x000000a059800000,0x000000a059900000] [id=24324]
  0x0000029e7b9ef800 ConcurrentGCThread "G1 Main Marker" [stack: 0x000000a057900000,0x000000a057a00000] [id=5040]
  0x0000029e7b9f1000 ConcurrentGCThread "G1 Conc#0" [stack: 0x000000a057a00000,0x000000a057b00000] [id=19076]
  0x0000029e7ba6f800 ConcurrentGCThread "G1 Refine#0" [stack: 0x000000a057b00000,0x000000a057c00000] [id=14644]
  0x0000029e18950800 ConcurrentGCThread "G1 Young RemSet Sampling" [stack: 0x000000a057c00000,0x000000a057d00000] [id=20720]

Threads with active compile tasks:
C2 CompilerThread0     2132 1560   !   4       java.io.ObjectOutputStream::writeObject0 (619 bytes)
C2 CompilerThread1     2132 1561   !   4       java.io.ObjectInputStream::readObject0 (671 bytes)

VM state:not at safepoint (normal execution)

VM Mutex/Monitor currently owned by a thread: None

Heap address: 0x00000000a2200000, size: 1502 MB, Compressed Oops mode: 32-bit
Narrow klass base: 0x0000000000000000, Narrow klass shift: 3
Compressed class space size: 1073741824 Address: 0x0000000100000000

Heap:
 garbage-first heap   total 96256K, used 56106K [0x00000000a2200000, 0x0000000100000000)
  region size 1024K, 53 young (54272K), 4 survivors (4096K)
 Metaspace       used 13017K, capacity 13613K, committed 13824K, reserved 1060864K
  class space    used 1264K, capacity 1466K, committed 1536K, reserved 1048576K
Heap Regions: E=young(eden), S=young(survivor), O=old, HS=humongous(starts), HC=humongous(continues), CS=collection set, F=free, A=archive, TAMS=top-at-mark-start (previous, next)
|   0|0x00000000a2200000, 0x00000000a2300000, 0x00000000a2300000|100%|HS|  |TAMS 0x00000000a2200000, 0x00000000a2200000| Complete 
|   1|0x00000000a2300000, 0x00000000a2400000, 0x00000000a2400000|100%|HC|  |TAMS 0x00000000a2300000, 0x00000000a2300000| Complete 
|   2|0x00000000a2400000, 0x00000000a245c400, 0x00000000a2500000| 36%| O|  |TAMS 0x00000000a2400000, 0x00000000a2400000| Untracked 
|   3|0x00000000a2500000, 0x00000000a2600000, 0x00000000a2600000|100%|HS|  |TAMS 0x00000000a2500000, 0x00000000a2500000| Complete 
|   4|0x00000000a2600000, 0x00000000a2700000, 0x00000000a2700000|100%|HC|  |TAMS 0x00000000a2600000, 0x00000000a2600000| Complete 
|   5|0x00000000a2700000, 0x00000000a2700000, 0x00000000a2800000|  0%| F|  |TAMS 0x00000000a2700000, 0x00000000a2700000| Untracked 
|   6|0x00000000a2800000, 0x00000000a2800000, 0x00000000a2900000|  0%| F|  |TAMS 0x00000000a2800000, 0x00000000a2800000| Untracked 
|   7|0x00000000a2900000, 0x00000000a2900000, 0x00000000a2a00000|  0%| F|  |TAMS 0x00000000a2900000, 0x00000000a2900000| Untracked 
|   8|0x00000000a2a00000, 0x00000000a2a00000, 0x00000000a2b00000|  0%| F|  |TAMS 0x00000000a2a00000, 0x00000000a2a00000| Untracked 
|   9|0x00000000a2b00000, 0x00000000a2b00000, 0x00000000a2c00000|  0%| F|  |TAMS 0x00000000a2b00000, 0x00000000a2b00000| Untracked 
|  10|0x00000000a2c00000, 0x00000000a2c00000, 0x00000000a2d00000|  0%| F|  |TAMS 0x00000000a2c00000, 0x00000000a2c00000| Untracked 
|  11|0x00000000a2d00000, 0x00000000a2d00000, 0x00000000a2e00000|  0%| F|  |TAMS 0x00000000a2d00000, 0x00000000a2d00000| Untracked 
|  12|0x00000000a2e00000, 0x00000000a2e00000, 0x00000000a2f00000|  0%| F|  |TAMS 0x00000000a2e00000, 0x00000000a2e00000| Untracked 
|  13|0x00000000a2f00000, 0x00000000a2f00000, 0x00000000a3000000|  0%| F|  |TAMS 0x00000000a2f00000, 0x00000000a2f00000| Untracked 
|  14|0x00000000a3000000, 0x00000000a3000000, 0x00000000a3100000|  0%| F|  |TAMS 0x00000000a3000000, 0x00000000a3000000| Untracked 
|  15|0x00000000a3100000, 0x00000000a3100000, 0x00000000a3200000|  0%| F|  |TAMS 0x00000000a3100000, 0x00000000a3100000| Untracked 
|  16|0x00000000a3200000, 0x00000000a3200000, 0x00000000a3300000|  0%| F|  |TAMS 0x00000000a3200000, 0x00000000a3200000| Untracked 
|  17|0x00000000a3300000, 0x00000000a3300000, 0x00000000a3400000|  0%| F|  |TAMS 0x00000000a3300000, 0x00000000a3300000| Untracked 
|  18|0x00000000a3400000, 0x00000000a3400000, 0x00000000a3500000|  0%| F|  |TAMS 0x00000000a3400000, 0x00000000a3400000| Untracked 
|  19|0x00000000a3500000, 0x00000000a3500000, 0x00000000a3600000|  0%| F|  |TAMS 0x00000000a3500000, 0x00000000a3500000| Untracked 
|  20|0x00000000a3600000, 0x00000000a3600000, 0x00000000a3700000|  0%| F|  |TAMS 0x00000000a3600000, 0x00000000a3600000| Untracked 
|  21|0x00000000a3700000, 0x00000000a3700000, 0x00000000a3800000|  0%| F|  |TAMS 0x00000000a3700000, 0x00000000a3700000| Untracked 
|  22|0x00000000a3800000, 0x00000000a3800000, 0x00000000a3900000|  0%| F|  |TAMS 0x00000000a3800000, 0x00000000a3800000| Untracked 
|  23|0x00000000a3900000, 0x00000000a3900000, 0x00000000a3a00000|  0%| F|  |TAMS 0x00000000a3900000, 0x00000000a3900000| Untracked 
|  24|0x00000000a3a00000, 0x00000000a3a00000, 0x00000000a3b00000|  0%| F|  |TAMS 0x00000000a3a00000, 0x00000000a3a00000| Untracked 
|  25|0x00000000a3b00000, 0x00000000a3b00000, 0x00000000a3c00000|  0%| F|  |TAMS 0x00000000a3b00000, 0x00000000a3b00000| Untracked 
|  26|0x00000000a3c00000, 0x00000000a3c00000, 0x00000000a3d00000|  0%| F|  |TAMS 0x00000000a3c00000, 0x00000000a3c00000| Untracked 
|  27|0x00000000a3d00000, 0x00000000a3d00000, 0x00000000a3e00000|  0%| F|  |TAMS 0x00000000a3d00000, 0x00000000a3d00000| Untracked 
|  28|0x00000000a3e00000, 0x00000000a3e00000, 0x00000000a3f00000|  0%| F|  |TAMS 0x00000000a3e00000, 0x00000000a3e00000| Untracked 
|  29|0x00000000a3f00000, 0x00000000a3f00000, 0x00000000a4000000|  0%| F|  |TAMS 0x00000000a3f00000, 0x00000000a3f00000| Untracked 
|  30|0x00000000a4000000, 0x00000000a4000000, 0x00000000a4100000|  0%| F|  |TAMS 0x00000000a4000000, 0x00000000a4000000| Untracked 
|  31|0x00000000a4100000, 0x00000000a4100000, 0x00000000a4200000|  0%| F|  |TAMS 0x00000000a4100000, 0x00000000a4100000| Untracked 
|  32|0x00000000a4200000, 0x00000000a4200000, 0x00000000a4300000|  0%| F|  |TAMS 0x00000000a4200000, 0x00000000a4200000| Untracked 
|  33|0x00000000a4300000, 0x00000000a4300000, 0x00000000a4400000|  0%| F|  |TAMS 0x00000000a4300000, 0x00000000a4300000| Untracked 
|  34|0x00000000a4400000, 0x00000000a446e760, 0x00000000a4500000| 43%| S|CS|TAMS 0x00000000a4400000, 0x00000000a4400000| Complete 
|  35|0x00000000a4500000, 0x00000000a4600000, 0x00000000a4600000|100%| S|CS|TAMS 0x00000000a4500000, 0x00000000a4500000| Complete 
|  36|0x00000000a4600000, 0x00000000a4700000, 0x00000000a4700000|100%| S|CS|TAMS 0x00000000a4600000, 0x00000000a4600000| Complete 
|  37|0x00000000a4700000, 0x00000000a4800000, 0x00000000a4800000|100%| S|CS|TAMS 0x00000000a4700000, 0x00000000a4700000| Complete 
|  38|0x00000000a4800000, 0x00000000a4800000, 0x00000000a4900000|  0%| F|  |TAMS 0x00000000a4800000, 0x00000000a4800000| Untracked 
|  39|0x00000000a4900000, 0x00000000a4900000, 0x00000000a4a00000|  0%| F|  |TAMS 0x00000000a4900000, 0x00000000a4900000| Untracked 
|  40|0x00000000a4a00000, 0x00000000a4a00000, 0x00000000a4b00000|  0%| F|  |TAMS 0x00000000a4a00000, 0x00000000a4a00000| Untracked 
|  41|0x00000000a4b00000, 0x00000000a4b00000, 0x00000000a4c00000|  0%| F|  |TAMS 0x00000000a4b00000, 0x00000000a4b00000| Untracked 
|  42|0x00000000a4c00000, 0x00000000a4c00000, 0x00000000a4d00000|  0%| F|  |TAMS 0x00000000a4c00000, 0x00000000a4c00000| Untracked 
|  43|0x00000000a4d00000, 0x00000000a4d00000, 0x00000000a4e00000|  0%| F|  |TAMS 0x00000000a4d00000, 0x00000000a4d00000| Untracked 
|  44|0x00000000a4e00000, 0x00000000a4e00000, 0x00000000a4f00000|  0%| F|  |TAMS 0x00000000a4e00000, 0x00000000a4e00000| Untracked 
|  45|0x00000000a4f00000, 0x00000000a5000000, 0x00000000a5000000|100%| E|  |TAMS 0x00000000a4f00000, 0x00000000a4f00000| Complete 
|  46|0x00000000a5000000, 0x00000000a5100000, 0x00000000a5100000|100%| E|CS|TAMS 0x00000000a5000000, 0x00000000a5000000| Complete 
|  47|0x00000000a5100000, 0x00000000a5200000, 0x00000000a5200000|100%| E|CS|TAMS 0x00000000a5100000, 0x00000000a5100000| Complete 
|  48|0x00000000a5200000, 0x00000000a5300000, 0x00000000a5300000|100%| E|CS|TAMS 0x00000000a5200000, 0x00000000a5200000| Complete 
|  49|0x00000000a5300000, 0x00000000a5400000, 0x00000000a5400000|100%| E|CS|TAMS 0x00000000a5300000, 0x00000000a5300000| Complete 
|  50|0x00000000a5400000, 0x00000000a5500000, 0x00000000a5500000|100%| E|CS|TAMS 0x00000000a5400000, 0x00000000a5400000| Complete 
|  51|0x00000000a5500000, 0x00000000a5600000, 0x00000000a5600000|100%| E|CS|TAMS 0x00000000a5500000, 0x00000000a5500000| Complete 
|  52|0x00000000a5600000, 0x00000000a5700000, 0x00000000a5700000|100%| E|CS|TAMS 0x00000000a5600000, 0x00000000a5600000| Complete 
|  53|0x00000000a5700000, 0x00000000a5800000, 0x00000000a5800000|100%| E|CS|TAMS 0x00000000a5700000, 0x00000000a5700000| Complete 
|  54|0x00000000a5800000, 0x00000000a5900000, 0x00000000a5900000|100%| E|CS|TAMS 0x00000000a5800000, 0x00000000a5800000| Complete 
|  55|0x00000000a5900000, 0x00000000a5a00000, 0x00000000a5a00000|100%| E|CS|TAMS 0x00000000a5900000, 0x00000000a5900000| Complete 
|  56|0x00000000a5a00000, 0x00000000a5b00000, 0x00000000a5b00000|100%| E|CS|TAMS 0x00000000a5a00000, 0x00000000a5a00000| Complete 
|  57|0x00000000a5b00000, 0x00000000a5c00000, 0x00000000a5c00000|100%| E|CS|TAMS 0x00000000a5b00000, 0x00000000a5b00000| Complete 
|  58|0x00000000a5c00000, 0x00000000a5d00000, 0x00000000a5d00000|100%| E|CS|TAMS 0x00000000a5c00000, 0x00000000a5c00000| Complete 
|  59|0x00000000a5d00000, 0x00000000a5e00000, 0x00000000a5e00000|100%| E|CS|TAMS 0x00000000a5d00000, 0x00000000a5d00000| Complete 
|  60|0x00000000a5e00000, 0x00000000a5f00000, 0x00000000a5f00000|100%| E|CS|TAMS 0x00000000a5e00000, 0x00000000a5e00000| Complete 
|  61|0x00000000a5f00000, 0x00000000a6000000, 0x00000000a6000000|100%| E|CS|TAMS 0x00000000a5f00000, 0x00000000a5f00000| Complete 
|  62|0x00000000a6000000, 0x00000000a6100000, 0x00000000a6100000|100%| E|CS|TAMS 0x00000000a6000000, 0x00000000a6000000| Complete 
|  63|0x00000000a6100000, 0x00000000a6200000, 0x00000000a6200000|100%| E|CS|TAMS 0x00000000a6100000, 0x00000000a6100000| Complete 
|  64|0x00000000a6200000, 0x00000000a6300000, 0x00000000a6300000|100%| E|CS|TAMS 0x00000000a6200000, 0x00000000a6200000| Complete 
|  65|0x00000000a6300000, 0x00000000a6400000, 0x00000000a6400000|100%| E|CS|TAMS 0x00000000a6300000, 0x00000000a6300000| Complete 
|  66|0x00000000a6400000, 0x00000000a6500000, 0x00000000a6500000|100%| E|CS|TAMS 0x00000000a6400000, 0x00000000a6400000| Complete 
|  67|0x00000000a6500000, 0x00000000a6600000, 0x00000000a6600000|100%| E|CS|TAMS 0x00000000a6500000, 0x00000000a6500000| Complete 
|  68|0x00000000a6600000, 0x00000000a6700000, 0x00000000a6700000|100%| E|CS|TAMS 0x00000000a6600000, 0x00000000a6600000| Complete 
|  69|0x00000000a6700000, 0x00000000a6800000, 0x00000000a6800000|100%| E|CS|TAMS 0x00000000a6700000, 0x00000000a6700000| Complete 
|  70|0x00000000a6800000, 0x00000000a6900000, 0x00000000a6900000|100%| E|CS|TAMS 0x00000000a6800000, 0x00000000a6800000| Complete 
|  71|0x00000000a6900000, 0x00000000a6a00000, 0x00000000a6a00000|100%| E|CS|TAMS 0x00000000a6900000, 0x00000000a6900000| Complete 
|  72|0x00000000a6a00000, 0x00000000a6b00000, 0x00000000a6b00000|100%| E|CS|TAMS 0x00000000a6a00000, 0x00000000a6a00000| Complete 
|  73|0x00000000a6b00000, 0x00000000a6c00000, 0x00000000a6c00000|100%| E|CS|TAMS 0x00000000a6b00000, 0x00000000a6b00000| Complete 
|  74|0x00000000a6c00000, 0x00000000a6d00000, 0x00000000a6d00000|100%| E|CS|TAMS 0x00000000a6c00000, 0x00000000a6c00000| Complete 
|  75|0x00000000a6d00000, 0x00000000a6e00000, 0x00000000a6e00000|100%| E|CS|TAMS 0x00000000a6d00000, 0x00000000a6d00000| Complete 
|  76|0x00000000a6e00000, 0x00000000a6f00000, 0x00000000a6f00000|100%| E|CS|TAMS 0x00000000a6e00000, 0x00000000a6e00000| Complete 
|  77|0x00000000a6f00000, 0x00000000a7000000, 0x00000000a7000000|100%| E|CS|TAMS 0x00000000a6f00000, 0x00000000a6f00000| Complete 
|  78|0x00000000a7000000, 0x00000000a7100000, 0x00000000a7100000|100%| E|CS|TAMS 0x00000000a7000000, 0x00000000a7000000| Complete 
|  79|0x00000000a7100000, 0x00000000a7200000, 0x00000000a7200000|100%| E|CS|TAMS 0x00000000a7100000, 0x00000000a7100000| Complete 
|  80|0x00000000a7200000, 0x00000000a7300000, 0x00000000a7300000|100%| E|CS|TAMS 0x00000000a7200000, 0x00000000a7200000| Complete 
|  81|0x00000000a7300000, 0x00000000a7400000, 0x00000000a7400000|100%| E|CS|TAMS 0x00000000a7300000, 0x00000000a7300000| Complete 
|  82|0x00000000a7400000, 0x00000000a7500000, 0x00000000a7500000|100%| E|CS|TAMS 0x00000000a7400000, 0x00000000a7400000| Complete 
|  83|0x00000000a7500000, 0x00000000a7600000, 0x00000000a7600000|100%| E|CS|TAMS 0x00000000a7500000, 0x00000000a7500000| Complete 
|  84|0x00000000a7600000, 0x00000000a7700000, 0x00000000a7700000|100%| E|CS|TAMS 0x00000000a7600000, 0x00000000a7600000| Complete 
|  85|0x00000000a7700000, 0x00000000a7800000, 0x00000000a7800000|100%| E|CS|TAMS 0x00000000a7700000, 0x00000000a7700000| Complete 
|  86|0x00000000a7800000, 0x00000000a7900000, 0x00000000a7900000|100%| E|CS|TAMS 0x00000000a7800000, 0x00000000a7800000| Complete 
|  87|0x00000000a7900000, 0x00000000a7a00000, 0x00000000a7a00000|100%| E|CS|TAMS 0x00000000a7900000, 0x00000000a7900000| Complete 
|  88|0x00000000a7a00000, 0x00000000a7b00000, 0x00000000a7b00000|100%| E|CS|TAMS 0x00000000a7a00000, 0x00000000a7a00000| Complete 
|  89|0x00000000a7b00000, 0x00000000a7c00000, 0x00000000a7c00000|100%| E|CS|TAMS 0x00000000a7b00000, 0x00000000a7b00000| Complete 
|  90|0x00000000a7c00000, 0x00000000a7d00000, 0x00000000a7d00000|100%| E|CS|TAMS 0x00000000a7c00000, 0x00000000a7c00000| Complete 
|  91|0x00000000a7d00000, 0x00000000a7e00000, 0x00000000a7e00000|100%| E|CS|TAMS 0x00000000a7d00000, 0x00000000a7d00000| Complete 
|  92|0x00000000a7e00000, 0x00000000a7f00000, 0x00000000a7f00000|100%| E|CS|TAMS 0x00000000a7e00000, 0x00000000a7e00000| Complete 
|  93|0x00000000a7f00000, 0x00000000a8000000, 0x00000000a8000000|100%| E|CS|TAMS 0x00000000a7f00000, 0x00000000a7f00000| Complete 

Card table byte_map: [0x0000029e7c2c0000,0x0000029e7c5b0000] _byte_map_base: 0x0000029e7bdaf000

Marking Bits (Prev, Next): (CMBitMap*) 0x0000029e7b9e8be8, (CMBitMap*) 0x0000029e7b9e8c20
 Prev Bits: [0x0000029e7c8a0000, 0x0000029e7e018000)
 Next Bits: [0x0000029e7e020000, 0x0000029e7f798000)

Polling page: 0x0000029e79930000

Metaspace:

Usage:
  Non-class:     11.87 MB capacity,    11.49 MB ( 97%) used,   360.16 KB (  3%) free+waste,    35.88 KB ( <1%) overhead. 
      Class:      1.44 MB capacity,     1.24 MB ( 86%) used,   186.15 KB ( 13%) free+waste,    18.31 KB (  1%) overhead. 
       Both:     13.31 MB capacity,    12.72 MB ( 96%) used,   546.31 KB (  4%) free+waste,    54.19 KB ( <1%) overhead. 

Virtual space:
  Non-class space:       12.00 MB reserved,      12.00 MB (100%) committed 
      Class space:        1.00 GB reserved,       1.50 MB ( <1%) committed 
             Both:        1.01 GB reserved,      13.50 MB (  1%) committed 

Chunk freelists:
   Non-Class:  128 bytes
       Class:  0 bytes
        Both:  128 bytes

CodeHeap 'non-profiled nmethods': size=120000Kb used=515Kb max_used=515Kb free=119484Kb
 bounds [0x0000029e0f0e0000, 0x0000029e0f350000, 0x0000029e16610000]
CodeHeap 'profiled nmethods': size=120000Kb used=3184Kb max_used=3184Kb free=116816Kb
 bounds [0x0000029e07bb0000, 0x0000029e07ed0000, 0x0000029e0f0e0000]
CodeHeap 'non-nmethods': size=5760Kb used=1098Kb max_used=1123Kb free=4662Kb
 bounds [0x0000029e07610000, 0x0000029e07880000, 0x0000029e07bb0000]
 total_blobs=2065 nmethods=1653 adapters=324
 compilation: enabled
              stopped_count=0, restarted_count=0
 full_count=0

Compilation events (10 events):
Event: 2.001 Thread 0x0000029e18b23000 1652       3       sun.net.www.ParseUtil::match (50 bytes)
Event: 2.002 Thread 0x0000029e18b23000 nmethod 1652 0x0000029e07ec2710 code [0x0000029e07ec28c0, 0x0000029e07ec2b18]
Event: 2.002 Thread 0x0000029e18b23000 1653   !   3       java.net.URLClassLoader::findClass (47 bytes)
Event: 2.003 Thread 0x0000029e18b23000 nmethod 1653 0x0000029e07ec2b90 code [0x0000029e07ec2d80, 0x0000029e07ec3408]
Event: 2.003 Thread 0x0000029e18b23000 1654       3       java.net.URLClassLoader$1::<init> (15 bytes)
Event: 2.003 Thread 0x0000029e18b23000 nmethod 1654 0x0000029e07ec3610 code [0x0000029e07ec37c0, 0x0000029e07ec39d8]
Event: 2.003 Thread 0x0000029e18b23000 1655       3       java.net.URLClassLoader$1::run (5 bytes)
Event: 2.003 Thread 0x0000029e18b23000 nmethod 1655 0x0000029e07ec3a90 code [0x0000029e07ec3c40, 0x0000029e07ec3d88]
Event: 2.003 Thread 0x0000029e18b23000 1656   !   3       java.net.URLClassLoader$1::run (81 bytes)
Event: 2.004 Thread 0x0000029e18b23000 nmethod 1656 0x0000029e07ec3e10 code [0x0000029e07ec4040, 0x0000029e07ec45f8]

GC Heap History (4 events):
Event: 1.474 GC heap before
{Heap before GC invocations=0 (full 0):
 garbage-first heap   total 96256K, used 25600K [0x00000000a2200000, 0x0000000100000000)
  region size 1024K, 24 young (24576K), 0 survivors (0K)
 Metaspace       used 12106K, capacity 12617K, committed 12672K, reserved 1060864K
  class space    used 1199K, capacity 1406K, committed 1408K, reserved 1048576K
}
Event: 1.480 GC heap after
{Heap after GC invocations=1 (full 0):
 garbage-first heap   total 96256K, used 5489K [0x00000000a2200000, 0x0000000100000000)
  region size 1024K, 3 young (3072K), 3 survivors (3072K)
 Metaspace       used 12106K, capacity 12617K, committed 12672K, reserved 1060864K
  class space    used 1199K, capacity 1406K, committed 1408K, reserved 1048576K
}
Event: 1.757 GC heap before
{Heap before GC invocations=1 (full 0):
 garbage-first heap   total 96256K, used 59761K [0x00000000a2200000, 0x0000000100000000)
  region size 1024K, 56 young (57344K), 3 survivors (3072K)
 Metaspace       used 12490K, capacity 13053K, committed 13312K, reserved 1060864K
  class space    used 1224K, capacity 1415K, committed 1536K, reserved 1048576K
}
Event: 1.761 GC heap after
{Heap after GC invocations=2 (full 0):
 garbage-first heap   total 96256K, used 5930K [0x00000000a2200000, 0x0000000100000000)
  region size 1024K, 4 young (4096K), 4 survivors (4096K)
 Metaspace       used 12490K, capacity 13053K, committed 13312K, reserved 1060864K
  class space    used 1224K, capacity 1415K, committed 1536K, reserved 1048576K
}

Deoptimization events (10 events):
Event: 0.145 Thread 0x0000029e7b9b5800 Uncommon trap: reason=unstable_if action=reinterpret pc=0x0000029e0f0e4224 method=java.lang.String.hashCode()I @ 14 c2
Event: 0.241 Thread 0x0000029e7b9b5800 Uncommon trap: reason=unstable_if action=reinterpret pc=0x0000029e0f0e82bc method=java.net.URI.match(CJJ)Z @ 45 c2
Event: 0.708 Thread 0x0000029e199cd000 Uncommon trap: reason=unstable_if action=reinterpret pc=0x0000029e0f117114 method=java.util.zip.ZipFile$Source.isMetaName([BII)Z @ 43 c2
Event: 0.721 Thread 0x0000029e199cd000 Uncommon trap: reason=unstable_if action=reinterpret pc=0x0000029e0f104a64 method=java.lang.String.startsWith(Ljava/lang/String;I)Z @ 1 c2
Event: 1.355 Thread 0x0000029e199cd000 Uncommon trap: reason=unstable_if action=reinterpret pc=0x0000029e0f135440 method=java.io.ObjectOutputStream$BlockDataOutputStream.writeBytes(Ljava/lang/String;)V @ 22 c2
Event: 1.547 Thread 0x0000029e199cb800 Uncommon trap: reason=bimorphic_or_optimized_type_check action=maybe_recompile pc=0x0000029e0f139a18 method=java.util.HashMap.putVal(ILjava/lang/Object;Ljava/lang/Object;ZZ)Ljava/lang/Object; @ 91 c2
Event: 1.637 Thread 0x0000029e199cb800 Uncommon trap: reason=bimorphic_or_optimized_type_check action=maybe_recompile pc=0x0000029e0f139a18 method=java.util.HashMap.putVal(ILjava/lang/Object;Ljava/lang/Object;ZZ)Ljava/lang/Object; @ 91 c2
Event: 1.645 Thread 0x0000029e199cb800 Uncommon trap: reason=bimorphic_or_optimized_type_check action=maybe_recompile pc=0x0000029e0f139a18 method=java.util.HashMap.putVal(ILjava/lang/Object;Ljava/lang/Object;ZZ)Ljava/lang/Object; @ 91 c2
Event: 1.649 Thread 0x0000029e199cb800 Uncommon trap: reason=bimorphic_or_optimized_type_check action=maybe_recompile pc=0x0000029e0f139a18 method=java.util.HashMap.putVal(ILjava/lang/Object;Ljava/lang/Object;ZZ)Ljava/lang/Object; @ 91 c2
Event: 1.928 Thread 0x0000029e199cb800 Uncommon trap: reason=unstable_if action=reinterpret pc=0x0000029e0f15cef4 method=java.util.Arrays.equals([Ljava/lang/Object;[Ljava/lang/Object;)Z @ 44 c2

Classes redefined (0 events):
No events

Internal exceptions (10 events):
Event: 0.737 Thread 0x0000029e199cd000 Exception <a 'java/lang/NoSuchMethodError'{0x00000000a752a1c0}: static [Ljava/lang/String;.<clinit>()V> (0x00000000a752a1c0) thrown at [./open/src/hotspot/share/prims/jni.cpp, line 1366]
Event: 0.854 Thread 0x0000029e19a2d800 Exception <a 'java/lang/NoSuchMethodError'{0x00000000a75ffaa0}: java.lang.invoke.DirectMethodHandle$Holder.invokeStaticInit(Ljava/lang/Object;IIII)Ljava/lang/Object;> (0x00000000a75ffaa0) thrown at [./open/src/hotspot/share/interpreter/linkResolver.cpp, l
Event: 0.933 Thread 0x0000029e199cd000 Exception <a 'java/lang/NoSuchMethodError'{0x00000000a74b2910}: static [Ljava/lang/StackTraceElement;.<clinit>()V> (0x00000000a74b2910) thrown at [./open/src/hotspot/share/prims/jni.cpp, line 1366]
Event: 0.934 Thread 0x0000029e199cd000 Exception <a 'java/lang/NoSuchMethodError'{0x00000000a74ba358}: static [B.<clinit>()V> (0x00000000a74ba358) thrown at [./open/src/hotspot/share/prims/jni.cpp, line 1366]
Event: 1.251 Thread 0x0000029e19a2d800 Exception <a 'java/lang/NoSuchMethodError'{0x00000000a7455158}: java.lang.invoke.DirectMethodHandle$Holder.invokeStaticInit(Ljava/lang/Object;Ljava/lang/Object;IIII)Ljava/lang/Object;> (0x00000000a7455158) thrown at [./open/src/hotspot/share/interpreter/l
Event: 1.359 Thread 0x0000029e199cb800 Exception <a 'java/lang/NoSuchMethodError'{0x00000000a6fd2ec8}: java.lang.invoke.DirectMethodHandle$Holder.invokeSpecial(Ljava/lang/Object;Ljava/lang/Object;IILjava/lang/Object;II)Ljava/lang/Object;> (0x00000000a6fd2ec8) thrown at [./open/src/hotspot/shar
Event: 1.360 Thread 0x0000029e199cb800 Exception <a 'java/lang/NoSuchMethodError'{0x00000000a6fd6248}: java.lang.invoke.DelegatingMethodHandle$Holder.reinvoke_L(Ljava/lang/Object;IILjava/lang/Object;II)Ljava/lang/Object;> (0x00000000a6fd6248) thrown at [./open/src/hotspot/share/interpreter/lin
Event: 1.361 Thread 0x0000029e199cb800 Exception <a 'java/lang/NoSuchMethodError'{0x00000000a6fe28b8}: java.lang.invoke.Invokers$Holder.linkToTargetMethod(Ljava/lang/Object;IILjava/lang/Object;)Ljava/lang/Object;> (0x00000000a6fe28b8) thrown at [./open/src/hotspot/share/interpreter/linkResolve
Event: 1.458 Thread 0x0000029e19a2d800 Exception <a 'sun/nio/fs/WindowsException'{0x00000000a70c5428}> (0x00000000a70c5428) thrown at [./open/src/hotspot/share/prims/jni.cpp, line 611]
Event: 1.942 Thread 0x0000029e19a2d800 Exception <a 'sun/nio/fs/WindowsException'{0x00000000a5b8e198}> (0x00000000a5b8e198) thrown at [./open/src/hotspot/share/prims/jni.cpp, line 611]

Events (10 events):
Event: 1.970 loading class hudson/model/Messages
Event: 1.970 loading class hudson/model/Messages done
Event: 1.978 loading class org/jvnet/localizer/ResourceBundleHolder
Event: 1.978 loading class org/jvnet/localizer/ResourceBundleHolder done
Event: 1.979 loading class org/jvnet/localizer/ResourceBundleHolder
Event: 1.979 loading class org/jvnet/localizer/ResourceBundleHolder done
Event: 2.001 loading class org/jvnet/localizer/ResourceBundleHolder$ResourceBundleImpl
Event: 2.001 loading class org/jvnet/localizer/ResourceBundleHolder$ResourceBundleImpl done
Event: 2.002 loading class org/jvnet/localizer/ResourceBundleHolder$ResourceBundleImpl
Event: 2.002 loading class org/jvnet/localizer/ResourceBundleHolder$ResourceBundleImpl done


Dynamic libraries:
0x00007ff7a51f0000 - 0x00007ff7a5200000 	C:\Program Files\Java\jdk-11\bin\java.exe
0x00007ffc99410000 - 0x00007ffc99626000 	C:\WINDOWS\SYSTEM32\ntdll.dll
0x00007ffc98620000 - 0x00007ffc986e4000 	C:\WINDOWS\System32\KERNEL32.DLL
0x00007ffc96d90000 - 0x00007ffc97137000 	C:\WINDOWS\System32\KERNELBASE.dll
0x00007ffc96bd0000 - 0x00007ffc96ce1000 	C:\WINDOWS\System32\ucrtbase.dll
0x00007ffc88190000 - 0x00007ffc881a9000 	C:\Program Files\Java\jdk-11\bin\jli.dll
0x00007ffc987c0000 - 0x00007ffc98872000 	C:\WINDOWS\System32\ADVAPI32.dll
0x00007ffc880b0000 - 0x00007ffc880cb000 	C:\Program Files\Java\jdk-11\bin\VCRUNTIME140.dll
0x00007ffc98880000 - 0x00007ffc98927000 	C:\WINDOWS\System32\msvcrt.dll
0x00007ffc99320000 - 0x00007ffc993c8000 	C:\WINDOWS\System32\sechost.dll
0x00007ffc96ba0000 - 0x00007ffc96bc8000 	C:\WINDOWS\System32\bcrypt.dll
0x00007ffc97830000 - 0x00007ffc97945000 	C:\WINDOWS\System32\RPCRT4.dll
0x00007ffc97950000 - 0x00007ffc97afe000 	C:\WINDOWS\System32\USER32.dll
0x00007ffc78270000 - 0x00007ffc78503000 	C:\WINDOWS\WinSxS\amd64_microsoft.windows.common-controls_6595b64144ccf1df_6.0.22621.3235_none_270f74e173860f98\COMCTL32.dll
0x00007ffc96ab0000 - 0x00007ffc96ad6000 	C:\WINDOWS\System32\win32u.dll
0x00007ffc97380000 - 0x00007ffc973a9000 	C:\WINDOWS\System32\GDI32.dll
0x00007ffc967b0000 - 0x00007ffc968c9000 	C:\WINDOWS\System32\gdi32full.dll
0x00007ffc96cf0000 - 0x00007ffc96d8a000 	C:\WINDOWS\System32\msvcp_win.dll
0x00007ffc8d2d0000 - 0x00007ffc8d2da000 	C:\WINDOWS\SYSTEM32\VERSION.dll
0x00007ffc97be0000 - 0x00007ffc97c11000 	C:\WINDOWS\System32\IMM32.DLL
0x00007ffc8c9f0000 - 0x00007ffc8c9fc000 	C:\Program Files\Java\jdk-11\bin\vcruntime140_1.dll
0x00007ffc5af80000 - 0x00007ffc5b00e000 	C:\Program Files\Java\jdk-11\bin\msvcp140.dll
0x00007ffc290d0000 - 0x00007ffc29c3d000 	C:\Program Files\Java\jdk-11\bin\server\jvm.dll
0x00007ffc99270000 - 0x00007ffc99278000 	C:\WINDOWS\System32\PSAPI.DLL
0x00007ffc90d10000 - 0x00007ffc90d44000 	C:\WINDOWS\SYSTEM32\WINMM.dll
0x00007ffc7a0f0000 - 0x00007ffc7a0f9000 	C:\WINDOWS\SYSTEM32\WSOCK32.dll
0x00007ffc99280000 - 0x00007ffc992f1000 	C:\WINDOWS\System32\WS2_32.dll
0x00007ffc95730000 - 0x00007ffc95748000 	C:\WINDOWS\SYSTEM32\kernel.appcore.dll
0x00007ffc8c9a0000 - 0x00007ffc8c9b0000 	C:\Program Files\Java\jdk-11\bin\verify.dll
0x00007ffc8fc50000 - 0x00007ffc8fe83000 	C:\WINDOWS\SYSTEM32\DBGHELP.DLL
0x00007ffc98ca0000 - 0x00007ffc99028000 	C:\WINDOWS\System32\combase.dll
0x00007ffc99030000 - 0x00007ffc99107000 	C:\WINDOWS\System32\OLEAUT32.dll
0x00007ffc8da70000 - 0x00007ffc8daa2000 	C:\WINDOWS\SYSTEM32\dbgcore.DLL
0x00007ffc96730000 - 0x00007ffc967a9000 	C:\WINDOWS\System32\bcryptPrimitives.dll
0x00007ffc73ce0000 - 0x00007ffc73d08000 	C:\Program Files\Java\jdk-11\bin\java.dll
0x00007ffc8bc60000 - 0x00007ffc8bc6a000 	C:\Program Files\Java\jdk-11\bin\jimage.dll
0x00007ffc86fd0000 - 0x00007ffc86fe7000 	C:\Program Files\Java\jdk-11\bin\zip.dll
0x00007ffc97dc0000 - 0x00007ffc9861c000 	C:\WINDOWS\System32\SHELL32.dll
0x00007ffc94640000 - 0x00007ffc94f39000 	C:\WINDOWS\SYSTEM32\windows.storage.dll
0x00007ffc94500000 - 0x00007ffc9463e000 	C:\WINDOWS\SYSTEM32\wintypes.dll
0x00007ffc99110000 - 0x00007ffc99203000 	C:\WINDOWS\System32\SHCORE.dll
0x00007ffc99210000 - 0x00007ffc9926e000 	C:\WINDOWS\System32\shlwapi.dll
0x00007ffc96660000 - 0x00007ffc96681000 	C:\WINDOWS\SYSTEM32\profapi.dll
0x00007ffc86cc0000 - 0x00007ffc86cd9000 	C:\Program Files\Java\jdk-11\bin\net.dll
0x00007ffc90af0000 - 0x00007ffc90c26000 	C:\WINDOWS\SYSTEM32\WINHTTP.dll
0x00007ffc95ba0000 - 0x00007ffc95c09000 	C:\WINDOWS\system32\mswsock.dll
0x00007ffc72120000 - 0x00007ffc72132000 	C:\Program Files\Java\jdk-11\bin\nio.dll
0x00007ffc95dc0000 - 0x00007ffc95ddb000 	C:\WINDOWS\SYSTEM32\CRYPTSP.dll
0x00007ffc95690000 - 0x00007ffc956c5000 	C:\WINDOWS\system32\rsaenh.dll
0x00007ffc95c40000 - 0x00007ffc95c68000 	C:\WINDOWS\SYSTEM32\USERENV.dll
0x00007ffc95de0000 - 0x00007ffc95dec000 	C:\WINDOWS\SYSTEM32\CRYPTBASE.dll
0x00007ffc951e0000 - 0x00007ffc9520d000 	C:\WINDOWS\SYSTEM32\IPHLPAPI.DLL
0x00007ffc987b0000 - 0x00007ffc987b9000 	C:\WINDOWS\System32\NSI.dll
0x00007ffc90d60000 - 0x00007ffc90d79000 	C:\WINDOWS\SYSTEM32\dhcpcsvc6.DLL
0x00007ffc909d0000 - 0x00007ffc909ef000 	C:\WINDOWS\SYSTEM32\dhcpcsvc.DLL
0x00007ffc95260000 - 0x00007ffc95359000 	C:\WINDOWS\SYSTEM32\DNSAPI.dll
0x00007ffc52d10000 - 0x00007ffc52e93000 	C:\Program Files\Java\jdk-11\bin\awt.dll
0x00007ffc93ad0000 - 0x00007ffc93b67000 	C:\WINDOWS\SYSTEM32\apphelp.dll

dbghelp: loaded successfully - version: 4.0.5 - missing functions: none
symbol engine: initialized successfully - sym options: 0x614 - pdb path: .;C:\Program Files\Java\jdk-11\bin;C:\WINDOWS\SYSTEM32;C:\WINDOWS\WinSxS\amd64_microsoft.windows.common-controls_6595b64144ccf1df_6.0.22621.3235_none_270f74e173860f98;C:\Program Files\Java\jdk-11\bin\server

VM Arguments:
java_command: jenkins.maven3.agent.Maven35Main C:\Users\kau5h\Downloads\apache-maven-3.6.3-bin\apache-maven-3.6.3 C:\Users\kau5h\.jenkins\war\WEB-INF\lib\remoting-3206.vb_15dcf73f6a_9.jar C:\Users\kau5h\.jenkins\plugins\maven-plugin\WEB-INF\lib\maven35-interceptor-1.14.jar C:\Users\kau5h\.jenkins\plugins\maven-plugin\WEB-INF\lib\maven3-interceptor-commons-1.14.jar 62619
java_class_path (initial): C:\Users\kau5h\.jenkins\plugins\maven-plugin\WEB-INF\lib\maven35-agent-1.14.jar;C:\Users\kau5h\Downloads\apache-maven-3.6.3-bin\apache-maven-3.6.3\boot\plexus-classworlds-2.6.0.jar;C:\Users\kau5h\Downloads\apache-maven-3.6.3-bin\apache-maven-3.6.3/conf/logging
Launcher Type: SUN_STANDARD

[Global flags]
     intx CICompilerCount                          = 4                                         {product} {ergonomic}
     uint ConcGCThreads                            = 3                                         {product} {ergonomic}
     uint G1ConcRefinementThreads                  = 10                                        {product} {ergonomic}
   size_t G1HeapRegionSize                         = 1048576                                   {product} {ergonomic}
    uintx GCDrainStackTargetSize                   = 64                                        {product} {ergonomic}
   size_t InitialHeapSize                          = 98566144                                  {product} {ergonomic}
   size_t MarkStackSize                            = 4194304                                   {product} {ergonomic}
   size_t MaxHeapSize                              = 1574961152                                {product} {ergonomic}
   size_t MaxNewSize                               = 944766976                                 {product} {ergonomic}
   size_t MinHeapDeltaBytes                        = 1048576                                   {product} {ergonomic}
    uintx NonNMethodCodeHeapSize                   = 5836300                                {pd product} {ergonomic}
    uintx NonProfiledCodeHeapSize                  = 122910970                              {pd product} {ergonomic}
    uintx ProfiledCodeHeapSize                     = 122910970                              {pd product} {ergonomic}
    uintx ReservedCodeCacheSize                    = 251658240                              {pd product} {ergonomic}
     bool SegmentedCodeCache                       = true                                      {product} {ergonomic}
     bool UseCompressedClassPointers               = true                                 {lp64_product} {ergonomic}
     bool UseCompressedOops                        = true                                 {lp64_product} {ergonomic}
     bool UseG1GC                                  = true                                      {product} {ergonomic}
     bool UseLargePagesIndividualAllocation        = false                                  {pd product} {ergonomic}

Logging:
Log output configuration:
 #0: stdout all=warning uptime,level,tags
 #1: stderr all=off uptime,level,tags

Environment Variables:
JAVA_HOME=C:\Program Files\Java\jdk-11
PATH=C:\Users\kau5h\Downloads\apache-maven-3.6.3-bin\apache-maven-3.6.3/bin;C:\Program Files\Java\jdk-11/bin;C:\Program Files\Java\jdk-11/bin;C:\WINDOWS\system32;C:\WINDOWS;C:\WINDOWS\System32\Wbem;C:\WINDOWS\System32\WindowsPowerShell\v1.0\;C:\WINDOWS\System32\OpenSSH\;C:\Program Files\Git\cmd;C:\Program Files\Java\jdk-11\bin;C:\Users\kau5h\Downloads\apache-maven-3.6.3-bin\apache-maven-3.6.3\bin;C:\Users\kau5h\AppData\Local\Android\Sdk\platform-tools;C:\Users\kau5h\AppData\Local\Android\Sdk\tools;C:\Users\kau5h\AppData\Local\Android\Sdk\tools\bin;C:\Users\kau5h\AppData\Local\Android\Sdk\build-tools;C:\Program Files\Microsoft SQL Server\Client SDK\ODBC\170\Tools\Binn\;C:\Program Files (x86)\Microsoft SQL Server\150\Tools\Binn\;C:\Program Files\Microsoft SQL Server\150\Tools\Binn\;C:\Program Files\Microsoft SQL Server\150\DTS\Binn\;C:\Program Files\Azure Data Studio\bin;C:\Program Files (x86)\Microsoft SQL Server\150\DTS\Binn\;C:\ProgramData\chocolatey\bin;C:\Program Files\Amazon\AWSCLIV2\;C:\Program Files\nodejs\;C:\Program Files\Docker\Docker\resources\bin;C:\Users\kau5h\scoop\shims;C:\Users\kau5h\AppData\Local\Microsoft\WindowsApps;C:\Users\kau5h\AppData\Local\Programs\Microsoft VS Code\bin;C:\Program Files\Azure Data Studio\bin;C:\Users\kau5h\AppData\Local\GitHubDesktop\bin;C:\Users\kau5h\AppData\Roaming\npm
USERNAME=kau5h
OS=Windows_NT
PROCESSOR_IDENTIFIER=AMD64 Family 23 Model 104 Stepping 1, AuthenticAMD



---------------  S Y S T E M  ---------------

OS: Windows 11 , 64 bit Build 22621 (10.0.22621.3374)
Hyper-V role detected

CPU:total 12 (initial active 12) (12 cores per cpu, 2 threads per core) family 23 model 104 stepping 1 microcode 0x0, cmov, cx8, fxsr, mmx, sse, sse2, sse3, ssse3, sse4.1, sse4.2, popcnt, avx, avx2, aes, clmul, mmxext, 3dnowpref, lzcnt, sse4a, ht, tsc, tscinvbit, tscinv, bmi1, bmi2, adx,

Memory: 4k page, system-wide physical 6005M (363M free)
TotalPageFile size 24437M (AvailPageFile size 3M)
current process WorkingSet (physical memory assigned to process): 160M, peak: 160M
current process commit charge ("private bytes"): 239M, peak: 241M

vm_info: Java HotSpot(TM) 64-Bit Server VM (11.0.21+9-LTS-193) for windows-amd64 JRE (11.0.21+9-LTS-193), built on Sep 13 2023 11:04:38 by "mach5one" with MS VC++ 17.1 (VS2022)

END.
